[2024-08-17 15:30:29.685] [debug] device.request: version
[2024-08-17 15:30:29.685] [debug] performing request
[2024-08-17 15:30:29.685] [warn]  EXECUTED changeCurrent:  {
  selected: 0,
  device: {
    type: 'serial',
    timeout: 5000,
    port: {
      _events: '[object]',
      _readableState: '[object]',
      _writableState: '[object]',
      allowHalfOpen: true,
      port: '[object]',
      _pool: '[object]',
      _kMinPoolSpace: 128,
      opening: false,
      closing: false,
      settings: '[object]',
      _eventsCount: 2
    },
    callbacks: [ '[function]' ],
    result: '',
    commands: { help: '[Array]' },
    file: false,
    isClosed: false,
    isSending: true,
    memoryMap: {},
    path: '/dev/ttyACM0',
    manufacturer: 'DYGMA',
    serialNumber: '2BD7FC8B1CF76DF5',
    pnpId: 'usb-DYGMA_DEFY_2BD7FC8B1CF76DF5-if00',
    productId: '0012',
    vendorId: '35ef',
    device: {
      info: '[object]',
      usb: '[object]',
      keyboard: '[object]',
      keyboardUnderglow: '[object]',
      RGBWMode: true,
      components: '[object]',
      instructions: '[object]',
      flash: '[function]',
      isDeviceSupported: '[function]',
      wireless: false,
      chipId: '2bd7fc8b1cf76df5'
    }
  }
} [Circular]
[2024-08-17 15:30:29.686] [info]  Current State:  [
  {
    name: 'Defy',
    available: true,
    connected: false,
    config: {
      id: '2bd7fc8b1cf76df5',
      name: 'Defy',
      layers: '[Array]',
      macros: '[Array]',
      superkeys: '[Array]'
    },
    file: false,
    device: {
      type: 'serial',
      timeout: 5000,
      port: '[object]',
      callbacks: '[Array]',
      result: '',
      commands: '[object]',
      file: false,
      isClosed: false,
      isSending: true,
      memoryMap: '[object]',
      path: '/dev/ttyACM0',
      manufacturer: 'DYGMA',
      serialNumber: '2BD7FC8B1CF76DF5',
      pnpId: 'usb-DYGMA_DEFY_2BD7FC8B1CF76DF5-if00',
      productId: '0012',
      vendorId: '35ef',
      device: '[object]'
    },
    serialNumber: '2bd7fc8b1cf76df5',
    index: 0
  }
] 0
[2024-08-17 15:30:29.692] [debug] addport: incoming data: v1.2.7-beta
[2024-08-17 15:30:29.692] [debug] addport: incoming data: .
[2024-08-17 15:30:29.692] [verbose] VERSION:  v1.2.7-beta
[2024-08-17 15:30:29.707] [info]  Scanning KEYBOARD
[2024-08-17 15:30:29.707] [debug] device.request: hardware.chip_id
[2024-08-17 15:30:29.707] [debug] performing request
[2024-08-17 15:30:29.736] [debug] addport: incoming data: 2bd7fc8b1cf76df5 
[2024-08-17 15:30:29.736] [debug] addport: incoming data: .
[2024-08-17 15:30:29.737] [info]  Neuron ID 2bd7fc8b1cf76df5 1
[2024-08-17 15:30:29.737] [info]  Final neuron {
  id: '2bd7fc8b1cf76df5',
  name: 'Defy',
  layers: [
    { id: 0, name: 'L1' },
    { id: 1, name: 'L2' },
    { id: 2, name: 'L3' },
    { id: 3, name: 'L4' },
    { id: 4, name: 'L5' },
    { id: 5, name: 'L6' },
    { id: 6, name: 'L7' },
    { id: 7, name: 'L8' },
    { id: 8, name: 'L9' },
    { id: 9, name: 'L10' }
  ],
  macros: [],
  superkeys: []
}
[2024-08-17 15:30:29.737] [info]  connected to:  0
[2024-08-17 15:30:29.739] [debug] device.request: keymap.default
[2024-08-17 15:30:29.739] [debug] performing request
[2024-08-17 15:30:29.744] [debug] addport: incoming data: 41 30 31 32 33 34 35 0 0 36 37 38 39 45 46 42 43 20 26 8 21 23 18665 0 0 28 24 12 18 19 47 48 57 4 22 7 9 10 18666 0 0 11 13 14 15 51 52 229 49 29 27 6 25 5 0 0 0 0 17 16 54 55 56 229 224 227 42 76 44 40 226 225 79 81 80 40 17152 74 82 77 41 58 59 60 61 62 63 0 0 64 65 66 67 68 69 42 43 0 82 0 0 0 0 0 0 86 36 37 38 84 0 40 57 80 81 79 0 0 0 0 0 87 33 34 35 85 0 49 225 49 0 0 0 0 0 0 0 0 99 30 31 32 82 229 224 227 226 44 76 40 42 44 79 228 76 17492 39 44 80 81 
[2024-08-17 15:30:29.744] [debug] addport: incoming data: .
[2024-08-17 15:30:29.745] [debug] device.request: keymap.custom
[2024-08-17 15:30:29.745] [debug] performing request
[2024-08-17 15:30:29.768] [debug] addport: incoming data: 41 30 31 32 33 34 45 0 0 46 35 36 37 38 39 42 43 20 26 8 21 23 47 0 0 48 28 24 12 18 19 76 57 4 22 7 9 10 0 0 0 49 11 13 14 15 51 52 225 29 27 6 25 5 0 0 0 0 17 16 54 55 56 229 53980 17452 44 49211 49721 227 0 0 0 54108 230 49209 49162 44 49164 0 41 0 0 0 0 0 0 0 0 83 0 0 84 85 46 42 43 0 74 82 77 75 0 0 0 0 0 95 96 97 86 0 0 70 80 81 79 78 17152 0 0 0 0 92 93 94 87 0 225 0 0 0 0 0 0 0 0 0 99 89 90 91 98 0 0 0 65535 65535 65535 65535 0 0 0 0 0 40 65535 0 0 0 53 58 59 60 61 62 63 65535 65535 64 65 66 67 68 69 0 0 0 0 22710 22709 23785 0 65535 65535 0 0 23663 0 0 65535 0 0 0 22713 22711 22733 23786 0 65535 65535 0 0 23664 20866 20865 0 0 0 0 0 0 0 19682 65535 65535 65535 65535 0 0 0 0 0 0 0 65535 0 0 0 0 0 0 0 0 0 0 0 0 0 0 65535 65535 65535 65535 65535 65535 65535 65535 65535 65535 65535 65535 65535 65535 65535 65535 65535 65535 65535 65535 65535 65535 65535 65535 65535 65535 65535 65535 65535 65535 65535 65535 65535 65535 65535 65535 65535 65535 65535 65535 65535 65535 87 86 85 84 65535 65535 65535 65535 65535 65535 65535 65535 65535 65535 65535 65535 65535 65535 65535 65535 65535 65535 65535 65535 65535 65535 65535 65535 65535 65535 65535 65535 65535 65535 65535 65535 65535 65535 65535 65535 65535 65535 65535 65535 65535 65535 65535 65535 65535 65535 65535 65535 65535 65535 65535 65535 65535 65535 65535 65535 65535 65535 65535 65535 65535 65535 65535 65535 65535 65535 65535 65535 65535 65535 65535 65535 65535 65535 65535 65535 65535 65535 65535 65535 65535 65535 65535 65535 65535 65535 65535 65535 65535 65535 65535 65535 65535 65535 65535 65535 65535 65535 65535 65535 65535 65535 65535 65535 65535 65535 65535 65535 65535 65535 65535 65535 65535 65535 65535 65535 65535 65535 65535 65535 65535 65535 65535 65535 65535 65535 65535 65535 65535 65535 65535 65535 65535 65535 65535 65535 65535 65535 65535 65535 65535 65535 65535 65535 65535 65535 65535 65535 65535 65535 65535 65535 65535 65535 65535 65535 65535 65535 65535 65535 65535 65535 65535 65535 65535 65535 65535 65535 65535 65535 65535 65535 65535 65535 65535 65535 65535 65535 65535 65535 65535 65535 65535 65535 65535 65535 65535 65535 65535 65535 65535 65535 65535 65535 65535 65535 65535 65535 65535 65535 65535 65535 65535 65535 65535 65535 65535 65535 65535 65535 65535 65535 65535 65535 65535 65535 65535 65535 65535 65535 65535 65535 65535 65535 65535 65535 65535 65535 65535 65535 65535 65535 65535 65535 65535 65535 65535 65535 65535 65535 65535 65535 65535 65535 65535 65535 65535 65535 65535 65535 65535 65535 65535 65535 65535 65535 65535 65535 65535 65535 65535 65535 65535 65535 65535 65535 65535 65535 65535 65535 65535 65535 65535 65535 65535 65535 65535 65535 65535 65535 65535 65535 65535 65535 65535 65535 65535 65535 65535 65535 65535 65535 65535 65535 65535 65535 65535 65535 65535 65535 65535 65535 65535 65535 65535 65535 65535 65535 65535 65535 65535 65535 65535 65535 65535 65535 65535 65535 65535 65535 65535 65535 65535 65535 65535 65535 65535 65535 65535 65535 65535 65535 65535 65535 65535 65535 65535 65535 65535 65535 65535 65535 65535 65535 65535 65535 65535 65535 65535 65535 65535 65535 65535 65535 65535 65535 65535 65535 65535 65535 65535 65535 65535 65535 65535 65535 65535 65535 65535 65535 65535 65535 65535 65535 65535 65535 65535 65535 65535 65535 65535 65535 65535 65535 65535 65535 65535 65535 65535 65535 65535 65535 65535 65535 65535 65535 65535 65535 65535 65535 65535 65535 65535 65535 65535 65535 65535 65535 65535 65535 65535 65535 65535 65535 65535 65535 65535 65535 65535 65535 65535 65535 65535 65535 65535 65535 65535 65535 65535 65535 65535 65535 65535 65535 65535 65535 65535 65535 65535 65535 65535 65535 65535 65535 65535 65535 65535 65535 65535 65535 65535 65535 65535 65535 65535 65535 65535 65535 65535 65535 65535 65535 65535 65535 65535 65535 65535 65535 65535 65535 65535 65535 65535 65535 65535 65535 65535 65535 65535 65535 65535 65535 65535 65535 65535 65535 65535 65535 65535 65535 65535 65535 65535 65535 65535 65535 65535 65535 65535 65535 65535 65535 65535 65535 65535 65535 65535 65535 65535 65535 65535 65535 65535 65535 
[2024-08-17 15:30:29.768] [debug] addport: incoming data: .
[2024-08-17 15:30:29.768] [debug] device.request: keymap.onlyCustom
[2024-08-17 15:30:29.768] [debug] performing request
[2024-08-17 15:30:29.769] [debug] addport: incoming data: 1 
[2024-08-17 15:30:29.769] [debug] addport: incoming data: .
[2024-08-17 15:30:29.770] [debug] device.request: palette
[2024-08-17 15:30:29.770] [debug] performing request
[2024-08-17 15:30:29.774] [debug] addport: incoming data: 255 196 0 0 0 254 24 0 0 0 0 255 231 255 0 0 0 254 234 0 0 52 255 0 255 0 232 0 0 78 168 87 125 0 235 19 20 0 36 219 85 0 126 129 255 9 0 0 0 0 0 0 0 0 0 0 0 0 0 0 0 0 0 0 
[2024-08-17 15:30:29.774] [debug] addport: incoming data: .
[2024-08-17 15:30:29.775] [debug] device.request: colormap.map
[2024-08-17 15:30:29.775] [debug] performing request
[2024-08-17 15:30:29.815] [debug] addport: incoming data: 4 4 4 4 4 4 4 4 4 4 4 4 4 4 4 4 4 4 4 4 4 4 4 4 4 4 4 4 4 4 4 4 4 4 4 4 4 4 4 4 4 4 4 4 4 4 4 4 4 4 4 4 4 4 4 4 4 4 4 4 4 4 4 4 4 4 4 4 4 4 5 5 5 5 5 5 5 5 5 5 5 5 5 5 5 5 5 5 5 5 5 5 5 5 5 5 5 5 5 5 5 5 5 5 5 5 5 5 5 5 5 5 5 5 5 5 5 5 5 5 5 5 5 5 5 5 5 5 5 5 5 5 5 5 5 5 5 5 5 5 5 5 5 5 5 5 5 5 5 5 5 5 5 5 5 5 5 5 5 5 5 5 5 5 5 5 5 5 5 5 5 5 5 5 5 5 5 4 10 12 12 12 12 12 12 10 12 9 3 9 10 12 12 1 3 3 3 10 12 2 12 12 12 12 12 12 12 1 6 5 2 12 12 5 0 0 0 12 12 11 12 0 3 3 3 12 12 12 0 3 0 3 12 12 12 6 3 3 3 3 12 12 9 3 12 12 12 12 3 3 3 3 3 3 3 3 3 3 3 3 3 3 3 3 3 3 3 3 3 3 3 3 3 3 3 3 3 3 3 3 3 3 3 3 3 3 3 3 3 3 3 3 3 3 3 3 3 3 3 3 3 3 3 3 3 3 3 3 3 3 3 3 3 3 3 3 3 3 3 3 3 3 3 3 3 3 3 3 3 3 3 3 3 3 3 3 3 3 3 3 3 3 3 3 3 3 3 3 3 3 3 3 3 3 3 7 4 8 8 8 8 8 8 15 12 15 7 7 9 15 15 12 3 0 1 9 15 15 15 15 15 15 9 15 8 15 12 15 15 15 15 15 8 8 8 8 8 8 15 15 15 12 3 15 15 15 12 11 0 3 12 15 15 15 15 15 15 15 15 15 15 15 15 15 15 15 8 8 8 8 8 8 8 8 8 8 8 8 8 8 8 8 8 8 8 8 8 8 8 8 8 8 8 8 8 8 8 8 8 8 8 8 8 8 8 8 8 8 8 8 8 8 8 8 8 8 8 8 8 8 8 8 8 8 8 8 8 8 8 8 8 8 8 8 8 8 8 8 8 8 8 8 8 8 8 8 8 8 8 8 8 8 8 8 8 8 8 8 8 8 8 8 8 8 8 8 8 8 8 8 8 8 8 15 15 15 15 15 15 15 15 15 15 15 15 15 15 15 15 15 15 15 15 15 15 15 15 15 15 15 15 15 15 15 15 15 15 15 15 15 15 15 15 15 15 15 15 15 15 15 15 15 15 15 4 4 4 4 4 15 15 15 15 15 15 15 15 15 15 15 15 15 15 15 1 1 1 1 1 1 1 1 5 5 5 5 5 5 5 5 5 5 5 5 5 5 5 5 5 5 5 5 5 5 5 5 5 5 5 5 5 5 5 5 5 5 5 5 5 5 5 5 5 5 1 1 1 1 1 1 1 1 1 1 1 5 5 5 5 5 5 5 5 5 5 5 5 5 5 5 5 5 5 5 5 5 5 5 5 5 5 5 5 5 5 5 5 5 5 5 5 5 5 5 5 5 5 1 1 1 5 15 15 15 15 15 15 15 15 15 15 15 15 15 15 15 15 15 15 15 15 15 15 15 15 15 15 15 15 15 15 15 15 15 15 15 15 15 15 15 15 15 15 15 15 15 15 15 15 15 15 15 15 15 15 15 15 15 15 15 15 15 15 15 15 15 15 15 15 15 15 15 15 15 15 15 15 15 15 15 15 15 15 15 15 15 15 15 15 15 15 15 15 15 15 15 15 15 15 15 15 15 15 15 15 15 15 15 15 15 15 15 15 15 15 15 15 15 15 15 15 15 15 15 15 15 15 15 15 15 15 15 15 15 15 15 15 15 15 15 15 15 15 15 15 15 15 15 15 15 15 15 15 15 15 15 15 15 15 15 15 15 15 15 15 15 15 15 15 15 15 15 15 15 15 15 15 15 15 15 15 15 15 15 15 15 15 15 15 15 15 15 15 15 15 15 15 15 15 15 15 15 15 15 15 15 15 15 15 15 15 15 15 15 15 15 15 15 15 15 15 15 15 15 15 15 15 15 15 15 15 15 15 15 15 15 15 15 15 15 15 15 15 15 15 15 15 15 15 15 15 15 15 15 15 15 15 15 15 15 15 15 15 15 15 15 15 15 15 15 15 15 15 15 15 15 15 15 15 15 15 15 15 15 15 15 15 15 15 15 15 15 15 15 15 15 15 15 15 15 15 15 15 15 15 15 15 15 15 15 15 15 15 15 15 15 15 15 15 15 15 15 15 15 15 15 15 15 15 15 15 15 15 15 15 15 15 15 15 15 15 15 15 15 15 15 15 15 15 15 15 15 15 15 15 15 15 15 15 15 15 15 15 15 15 15 15 15 15 15 15 15 15 15 15 15 15 15 15 15 15 15 15 15 15 15 15 15 15 15 15 15 15 15 15 15 15 15 15 15 15 15 15 15 15 15 15 15 15 15 15 15 15 15 15 15 15 15 15 15 15 15 15 15 15 15 15 15 15 15 15 15 15 15 15 15 15 15 15 15 15 15 15 15 15 15 15 15 15 15 15 15 15 15 15 15 15 15 15 15 15 15 15 15 15 15 15 15 15 15 15 15 15 15 15 15 15 15 15 15 15 15 15 15 15 15 15 15 15 15 15 15 15 15 15 15 15 15 15 15 15 15 15 15 15 15 15 15 15 15 15 15 15 15 15 15 15 15 15 15 15 15 15 15 15 15 15 15 15 15 15 15 15 15 15 15 15 15 15 15 15 15 15 15 15 15 15 15 15 15 15 15 15 15 15 15 15 15 15 15 15 15 15 15 15 15 15 15 15 15 15 15 15 15 15 15 15 15 15 15 15 15 15 15 15 15 15 15 15 15 15 15 15 15 15 15 15 15 15 15 15 15 15 15 15 15 15 15 15 15 15 15 15 15 15 15 15 15 15 15 15 15 15 15 15 15 15 15 15 15 15 15 15 15 15 15 15 15 15 15 15 15 15 15 15 15 15 15 15 15 15 15 15 15 15 15 15 15 15 15 15 15 15 15 15 15 15 15 15 15 15 15 15 15 15 15 15 15 15 15 15 15 15 15 15 15 15 15 15 15 15 15 15 15 15 15 15 15 15 15 15 15 15 15 15 15 15 15 15 15 15 15 15 15 15 15 15 15 15 15 15 15 15 15 15 15 15 15 15 15 15 15 15 15 15 15 15 15 15 15 15 15 15 15 15 15 15 15 15 15 15 15 15 15 15 15 15 15 15 15 15 15 15 15 15 15 15 15 15 15 15 15 15 15 15 15 15 15 15 15 15 15 15 15 15 15 15 15 15 15 15 15 15 15 15 15 15 15 15 15 15 15 15 15 15 15 15 15 15 15 15 15 15 15 15 15 15 15 15 15 15 15 15 15 15 15 15 15 15 15 15 15 15 15 15 15 15 15 15 15 15 15 15 15 15 15 15 15 15 15 15 15 15 15 15 15 15 15 15 15 15 15 15 15 15 15 15 15 15 15 15 15 15 15 3 6 6 6 6 6 3 3 6 6 6 6 6 3 3 6 6 6 15 15 15 15 15 15 15 15 15 15 15 15 15 15 15 15 15 15 15 15 15 15 15 15 15 15 15 15 15 15 15 15 15 15 15 15 15 15 15 15 15 15 15 15 15 15 15 15 15 15 15 15 15 15 15 15 15 15 15 15 15 15 15 15 15 15 15 15 15 15 15 15 15 15 15 15 15 15 15 15 15 15 15 15 15 15 15 15 15 15 15 15 15 15 15 15 15 15 15 15 15 15 15 15 15 15 15 15 15 15 15 15 15 15 15 15 15 15 15 15 15 15 15 15 15 15 15 15 15 15 15 15 15 15 15 15 15 15 15 15 15 15 15 15 15 15 15 15 15 15 15 15 15 15 15 15 15 15 15 15 15 15 15 15 15 15 15 15 15 15 15 15 15 15 15 15 15 15 
[2024-08-17 15:30:29.815] [debug] addport: incoming data: .
[2024-08-17 15:30:29.816] [debug] device.request: macros.map
[2024-08-17 15:30:29.816] [debug] performing request
[2024-08-17 15:30:29.868] [debug] addport: incoming data: 8 23 2 0 5 6 225 8 28 7 225 8 18 8 24 8 44 6 225 8 22 7 225 8 24 8 6 8 14 6 225 8 30 7 225 8 40 0 8 23 2 0 10 6 225 8 12 7 225 8 52 8 16 8 44 8 23 8 11 8 12 8 22 8 44 8 9 8 24 8 6 8 14 8 12 8 17 8 10 8 44 8 6 8 15 8 18 8 22 8 8 8 44 8 23 8 18 8 44 8 22 8 15 8 4 8 16 8 16 8 12 8 17 8 10 8 44 8 16 8 28 8 44 8 5 8 4 8 15 8 15 8 22 8 44 8 12 8 17 8 44 8 4 8 44 8 26 8 4 8 9 8 9 8 15 8 8 8 44 8 12 8 21 8 18 8 17 8 44 8 4 8 17 8 7 8 44 8 22 8 6 8 21 8 8 8 4 8 16 8 12 8 17 8 10 8 44 8 21 8 4 8 6 8 12 8 4 8 15 8 44 8 22 8 15 8 24 8 21 8 22 8 44 8 4 8 23 8 44 8 23 8 11 8 8 8 44 8 23 8 18 8 19 8 44 8 18 8 9 8 44 8 16 8 28 8 44 8 15 8 24 8 17 8 10 8 22 6 225 8 30 7 225 8 40 0 6 225 8 34 7 225 0 6 225 8 36 7 225 0 6 225 8 53 7 225 0 0 87 0 0 255 255 255 255 255 255 255 255 255 255 255 255 255 255 255 255 255 255 255 255 255 255 255 255 255 255 255 255 255 255 255 255 255 255 255 255 255 255 255 255 255 255 255 255 255 255 255 255 255 255 255 255 255 255 255 255 255 255 255 255 255 255 255 255 255 255 255 255 255 255 255 255 255 255 255 255 255 255 255 255 255 255 255 255 255 255 255 255 255 255 255 255 255 255 255 255 255 255 255 255 255 255 255 255 255 255 255 255 255 255 255 255 255 255 255 255 255 255 255 255 255 255 255 255 255 255 255 255 255 255 255 255 255 255 255 255 255 255 255 255 255 255 255 255 255 255 255 255 255 255 255 255 255 255 255 255 255 255 255 255 255 255 255 255 255 255 255 255 255 255 255 255 255 255 255 255 255 255 255 255 255 255 255 255 255 255 255 255 255 255 255 255 255 255 255 255 255 255 255 255 255 255 255 255 255 255 255 255 255 255 255 255 255 255 255 255 255 255 255 255 255 255 255 255 255 255 255 255 255 255 255 255 255 255 255 255 255 255 255 255 255 255 255 255 255 255 255 255 255 255 255 255 255 255 255 255 255 255 255 255 255 255 255 255 255 255 255 255 255 255 255 255 255 255 255 255 255 255 255 255 255 255 255 255 255 255 255 255 255 255 255 255 255 255 255 255 255 255 255 255 255 255 255 255 255 255 255 255 255 255 255 255 255 255 255 255 255 255 255 255 255 255 255 255 255 255 255 255 255 255 255 255 255 255 255 255 255 255 255 255 255 255 255 255 255 255 255 255 255 255 255 255 255 255 255 255 255 255 255 255 255 255 255 255 255 255 255 255 255 255 255 255 255 255 255 255 255 255 255 255 255 255 255 255 255 255 255 255 255 255 255 255 255 255 255 255 255 255 255 255 255 255 255 255 255 255 255 255 255 255 255 255 255 255 255 255 255 255 255 255 255 255 255 255 255 255 255 255 255 255 255 255 255 255 255 255 255 255 255 255 255 255 255 255 255 255 255 255 255 255 255 255 255 255 255 255 255 255 255 255 255 255 255 255 255 255 255 255 255 255 255 255 255 255 255 255 255 255 255 255 255 255 255 255 255 255 255 255 255 255 255 255 255 255 255 255 255 255 255 255 255 255 255 255 255 255 255 255 255 255 255 255 255 255 255 255 255 255 255 255 255 255 255 255 255 255 255 255 255 255 255 255 255 255 255 255 255 255 255 255 255 255 255 255 255 255 255 255 255 255 255 255 255 255 255 255 255 255 255 255 255 255 255 255 255 255 255 255 255 255 255 255 255 255 255 255 255 255 255 255 255 255 255 255 255 255 255 255 255 255 255 255 255 255 255 255 255 255 255 255 255 255 255 255 255 255 255 255 255 255 255 255 255 255 255 255 255 255 255 255 255 255 255 255 255 255 255 255 255 255 255 255 255 255 255 255 255 255 255 255 255 255 255 255 255 255 255 255 255 255 255 255 255 255 255 255 255 255 255 255 255 255 255 255 255 255 255 255 255 255 255 255 255 255 255 255 255 255 255 255 255 255 255 255 255 255 255 255 255 255 255 255 255 255 255 255 255 255 255 255 255 255 255 255 255 255 255 255 255 255 255 255 255 255 255 255 255 255 255 255 255 255 255 255 255 255 255 255 255 255 255 255 255 255 255 255 255 255 255 255 255 255 255 255 255 255 255 255 255 255 255 255 255 255 255 255 255 255 255 255 255 255 255 255 255 255 255 255 255 255 255 255 255 255 255 255 255 255 255 255 255 255 255 255 255 255 255 255 255 255 255 255 255 255 255 255 255 255 255 255 255 255 255 255 255 255 255 255 255 255 255 255 255 255 255 255 255 255 255 255 255 255 255 255 255 255 255 255 255 255 255 255 255 255 255 255 255 255 255 255 255 255 255 255 255 255 255 255 255 255 255 255 255 255 255 255 255 255 255 255 255 255 255 255 255 255 255 255 255 255 255 255 255 255 255 255 255 255 255 255 255 255 255 255 255 255 255 255 255 255 255 255 255 255 255 255 255 255 255 255 255 255 255 255 255 255 255 255 255 255 255 255 255 255 255 255 255 255 255 255 255 255 255 255 255 255 255 255 255 255 255 255 255 255 255 255 255 255 255 255 255 255 255 255 255 255 255 255 255 255 255 255 255 255 255 255 255 255 255 255 255 255 255 255 255 255 255 255 255 255 255 255 255 255 255 255 255 255 255 255 255 255 255 255 255 255 255 255 255 255 255 255 255 255 255 255 255 255 255 255 255 255 255 255 255 255 255 255 255 255 255 255 255 255 255 255 255 255 255 255 255 255 255 255 255 255 255 255 255 255 255 255 255 255 255 255 255 255 255 255 255 255 255 255 255 255 255 255 255 255 255 255 255 255 255 255 255 255 255 255 255 255 255 255 255 255 255 255 255 255 255 255 255 255 255 255 255 255 255 255 255 255 255 255 255 255 255 255 255 255 255 255 255 255 255 255 255 255 255 255 255 255 255 255 255 255 255 255 255 255 255 255 255 255 255 255 255 255 255 255 255 255 255 255 255 255 255 255 255 255 255 255 255 255 255 255 255 255 255 255 255 255 255 255 255 255 255 255 255 255 255 255 255 255 255 255 255 255 255 255 255 255 255 255 255 255 255 255 255 255 255 255 255 255 255 255 255 255 255 255 255 255 255 255 255 255 255 255 255 255 255 255 255 255 255 255 255 255 255 255 255 255 255 255 255 255 255 255 255 255 255 255 255 255 255 255 255 255 255 255 255 255 255 255 255 255 255 255 255 255 255 255 255 255 255 255 255 255 255 255 255 255 255 255 255 255 255 255 255 255 255 255 255 255 255 255 255 255 255 255 255 255 255 255 255 255 255 255 255 255 255 255 255 255 255 255 255 255 255 255 255 255 255 255 255 255 255 255 255 255 255 255 255 255 255 255 255 255 255 255 255 255 255 255 255 255 255 255 255 255 255 255 255 255 255 255 255 255 255 255 255 255 255 255 255 255 255 255 255 255 255 255 255 255 255 255 255 255 255 255 255 255 255 255 255 255 255 255 255 255 255 255 255 255 255 255 255 255 255 255 255 255 255 255 255 255 255 255 255 255 255 255 255 255 255 255 255 255 255 255 255 255 255 255 255 255 255 255 255 255 255 255 255 255 255 255 255 255 255 255 255 255 255 255 255 255 255 255 255 255 255 255 255 255 255 255 255 255 255 255 255 255 255 255 255 255 255 255 255 255 255 255 255 255 255 255 255 255 255 255 255 255 255 255 255 255 255 255 255 255 255 255 255 255 255 255 255 255 255 255 255 255 255 255 255 255 255 255 255 255 255 255 255 255 255 255 255 255 255 255 255 255 255 255 255 255 255 255 255 255 255 255 255 255 255 255 255 255 255 255 255 255 255 255 255 255 255 255 255 255 255 255 255 255 255 255 255 255 255 255 255 255 255 255 255 255 255 255 255 255 255 255 255 255 255 255 255 255 255 255 255 255 255 255 255 255 255 255 255 255 255 255 255 255 255 255 255 255 255 255 255 255 255 255 255 255 255 255 255 255 255 255 255 255 255 255 255 255 255 255 255 255 255 255 255 255 255 255 255 255 255 255 255 255 255 255 255 255 255 255 255 255 255 255 255 255 255 255 255 255 255 255 255 255 255 255 255 255 255 255 255 255 255 255 255 255 255 255 255 255 255 255 255 255 255 255 255 255 255 255 255 255 255 255 255 255 255 255 255 255 255 255 255 255 255 255 255 255 255 255 255 255 255 255 255 255 255 255 255 255 255 255 255 255 255 255 255 255 255 255 255 255 255 255 255 255 255 255 255 255 255 255 255 255 255 255 255 255 255 255 255 255 255 255 255 255 255 255 255 255 255 255 255 255 255 255 255 255 255 255 255 255 255 255 255 255 255 255 255 255 255 255 255 255 255 255 255 255 255 255 255 255 255 255 255 255 255 
[2024-08-17 15:30:29.868] [debug] addport: incoming data: .
[2024-08-17 15:30:29.868] [info]  Checking Macros [
  {
    actions: [
      '[object]', '[object]',
      '[object]', '[object]',
      '[object]', '[object]',
      '[object]', '[object]',
      '[object]', '[object]',
      '[object]', '[object]',
      '[object]', '[object]',
      '[object]', '[object]',
      '[object]', '[object]'
    ],
    id: 0,
    name: '',
    macro: ''
  },
  {
    actions: [
      '[object]', '[object]', '[object]', '[object]', '[object]',
      '[object]', '[object]', '[object]', '[object]', '[object]',
      '[object]', '[object]', '[object]', '[object]', '[object]',
      '[object]', '[object]', '[object]', '[object]', '[object]',
      '[object]', '[object]', '[object]', '[object]', '[object]',
      '[object]', '[object]', '[object]', '[object]', '[object]',
      '[object]', '[object]', '[object]', '[object]', '[object]',
      '[object]', '[object]', '[object]', '[object]', '[object]',
      '[object]', '[object]', '[object]', '[object]', '[object]',
      '[object]', '[object]', '[object]', '[object]', '[object]',
      '[object]', '[object]', '[object]', '[object]', '[object]',
      '[object]', '[object]', '[object]', '[object]', '[object]',
      '[object]', '[object]', '[object]', '[object]', '[object]',
      '[object]', '[object]', '[object]', '[object]', '[object]',
      '[object]', '[object]', '[object]', '[object]', '[object]',
      '[object]', '[object]', '[object]', '[object]', '[object]',
      '[object]', '[object]', '[object]', '[object]', '[object]',
      '[object]', '[object]', '[object]', '[object]', '[object]',
      '[object]', '[object]', '[object]', '[object]', '[object]',
      '[object]', '[object]', '[object]', '[object]', '[object]',
      ... 18 more items
    ],
    id: 1,
    name: '',
    macro: ''
  },
  {
    actions: [ '[object]', '[object]', '[object]' ],
    id: 2,
    name: '',
    macro: ''
  },
  {
    actions: [ '[object]', '[object]', '[object]' ],
    id: 3,
    name: '',
    macro: ''
  },
  {
    actions: [ '[object]', '[object]', '[object]' ],
    id: 4,
    name: '',
    macro: ''
  }
] []
[2024-08-17 15:30:29.869] [debug] device.request: superkeys.map
[2024-08-17 15:30:29.869] [debug] performing request
[2024-08-17 15:30:29.885] [debug] addport: incoming data: 262 281 2329 283 1 0 0 19682 1 22709 1 0 0 65535 65535 65535 65535 65535 65535 65535 65535 65535 65535 65535 65535 65535 65535 65535 65535 65535 65535 65535 65535 65535 65535 65535 65535 65535 65535 65535 65535 65535 65535 65535 65535 65535 65535 65535 65535 65535 65535 65535 65535 65535 65535 65535 65535 65535 65535 65535 65535 65535 65535 65535 65535 65535 65535 65535 65535 65535 65535 65535 65535 65535 65535 65535 65535 65535 65535 65535 65535 65535 65535 65535 65535 65535 65535 65535 65535 65535 65535 65535 65535 65535 65535 65535 65535 65535 65535 65535 65535 65535 65535 65535 65535 65535 65535 65535 65535 65535 65535 65535 65535 65535 65535 65535 65535 65535 65535 65535 65535 65535 65535 65535 65535 65535 65535 65535 65535 65535 65535 65535 65535 65535 65535 65535 65535 65535 65535 65535 65535 65535 65535 65535 65535 65535 65535 65535 65535 65535 65535 65535 65535 65535 65535 65535 65535 65535 65535 65535 65535 65535 65535 65535 65535 65535 65535 65535 65535 65535 65535 65535 65535 65535 65535 65535 65535 65535 65535 65535 65535 65535 65535 65535 65535 65535 65535 65535 65535 65535 65535 65535 65535 65535 65535 65535 65535 65535 65535 65535 65535 65535 65535 65535 65535 65535 65535 65535 65535 65535 65535 65535 65535 65535 65535 65535 65535 65535 65535 65535 65535 65535 65535 65535 65535 65535 65535 65535 65535 65535 65535 65535 65535 65535 65535 65535 65535 65535 65535 65535 65535 65535 65535 65535 65535 65535 65535 65535 65535 65535 65535 65535 65535 65535 65535 65535 65535 65535 65535 65535 65535 65535 65535 65535 65535 65535 65535 65535 65535 65535 65535 65535 65535 65535 65535 65535 65535 65535 65535 65535 65535 65535 65535 65535 65535 65535 65535 65535 65535 65535 65535 65535 65535 65535 65535 65535 65535 65535 65535 65535 65535 65535 65535 65535 65535 65535 65535 65535 65535 65535 65535 65535 65535 65535 65535 65535 65535 65535 65535 65535 65535 65535 65535 65535 65535 65535 65535 65535 65535 65535 65535 65535 65535 65535 65535 65535 65535 65535 65535 65535 65535 65535 65535 65535 65535 65535 65535 65535 65535 65535 65535 65535 65535 65535 65535 65535 65535 65535 65535 65535 65535 65535 65535 65535 65535 65535 65535 65535 65535 65535 65535 65535 65535 65535 65535 65535 65535 65535 65535 65535 65535 65535 65535 65535 65535 65535 65535 65535 65535 65535 65535 65535 65535 65535 65535 65535 65535 65535 65535 65535 65535 65535 65535 65535 65535 65535 65535 65535 65535 65535 65535 65535 65535 65535 65535 65535 65535 65535 65535 65535 65535 65535 65535 65535 65535 65535 65535 65535 65535 65535 65535 65535 65535 65535 65535 65535 65535 65535 65535 65535 65535 65535 65535 65535 65535 65535 65535 65535 65535 65535 65535 65535 65535 65535 65535 65535 65535 65535 65535 65535 65535 65535 65535 65535 65535 65535 65535 65535 65535 65535 65535 65535 65535 65535 65535 65535 65535 65535 65535 65535 65535 65535 65535 65535 65535 65535 65535 65535 65535 65535 65535 65535 65535 65535 65535 65535 65535 65535 65535 65535 65535 65535 65535 65535 65535 65535 65535 65535 65535 65535 65535 65535 
[2024-08-17 15:30:29.885] [debug] addport: incoming data: .
[2024-08-17 15:30:29.885] [info]  Got Superkeys:[{"actions":[262,281,2329,283,1],"name":"","id":0}] from 262 281 2329 283 1 0 0 19682 1 22709 1 0 0 65535 65535 65535 65535 65535 65535 65535 65535 65535 65535 65535 65535 65535 65535 65535 65535 65535 65535 65535 65535 65535 65535 65535 65535 65535 65535 65535 65535 65535 65535 65535 65535 65535 65535 65535 65535 65535 65535 65535 65535 65535 65535 65535 65535 65535 65535 65535 65535 65535 65535 65535 65535 65535 65535 65535 65535 65535 65535 65535 65535 65535 65535 65535 65535 65535 65535 65535 65535 65535 65535 65535 65535 65535 65535 65535 65535 65535 65535 65535 65535 65535 65535 65535 65535 65535 65535 65535 65535 65535 65535 65535 65535 65535 65535 65535 65535 65535 65535 65535 65535 65535 65535 65535 65535 65535 65535 65535 65535 65535 65535 65535 65535 65535 65535 65535 65535 65535 65535 65535 65535 65535 65535 65535 65535 65535 65535 65535 65535 65535 65535 65535 65535 65535 65535 65535 65535 65535 65535 65535 65535 65535 65535 65535 65535 65535 65535 65535 65535 65535 65535 65535 65535 65535 65535 65535 65535 65535 65535 65535 65535 65535 65535 65535 65535 65535 65535 65535 65535 65535 65535 65535 65535 65535 65535 65535 65535 65535 65535 65535 65535 65535 65535 65535 65535 65535 65535 65535 65535 65535 65535 65535 65535 65535 65535 65535 65535 65535 65535 65535 65535 65535 65535 65535 65535 65535 65535 65535 65535 65535 65535 65535 65535 65535 65535 65535 65535 65535 65535 65535 65535 65535 65535 65535 65535 65535 65535 65535 65535 65535 65535 65535 65535 65535 65535 65535 65535 65535 65535 65535 65535 65535 65535 65535 65535 65535 65535 65535 65535 65535 65535 65535 65535 65535 65535 65535 65535 65535 65535 65535 65535 65535 65535 65535 65535 65535 65535 65535 65535 65535 65535 65535 65535 65535 65535 65535 65535 65535 65535 65535 65535 65535 65535 65535 65535 65535 65535 65535 65535 65535 65535 65535 65535 65535 65535 65535 65535 65535 65535 65535 65535 65535 65535 65535 65535 65535 65535 65535 65535 65535 65535 65535 65535 65535 65535 65535 65535 65535 65535 65535 65535 65535 65535 65535 65535 65535 65535 65535 65535 65535 65535 65535 65535 65535 65535 65535 65535 65535 65535 65535 65535 65535 65535 65535 65535 65535 65535 65535 65535 65535 65535 65535 65535 65535 65535 65535 65535 65535 65535 65535 65535 65535 65535 65535 65535 65535 65535 65535 65535 65535 65535 65535 65535 65535 65535 65535 65535 65535 65535 65535 65535 65535 65535 65535 65535 65535 65535 65535 65535 65535 65535 65535 65535 65535 65535 65535 65535 65535 65535 65535 65535 65535 65535 65535 65535 65535 65535 65535 65535 65535 65535 65535 65535 65535 65535 65535 65535 65535 65535 65535 65535 65535 65535 65535 65535 65535 65535 65535 65535 65535 65535 65535 65535 65535 65535 65535 65535 65535 65535 65535 65535 65535 65535 65535 65535 65535 65535 65535 65535 65535 65535 65535 65535 65535 65535 65535 65535 65535 65535 65535 65535 65535 65535 65535 65535 65535 65535 65535 65535 65535 65535 65535 65535 65535 65535 65535 65535 65535 65535 65535 65535 65535 65535 65535 65535 65535 65535 65535 65535 65535 65535 65535 65535 65535 65535 65535 65535 65535 65535 65535
[2024-08-17 15:30:29.885] [info]  final superkeys [ { actions: [ 262, 281, 2329, 283, 1 ], name: '', id: 0 } ]
[2024-08-17 15:30:29.886] [info]  Language automatically set to:  en-US
[2024-08-17 15:30:29.886] [info]  preferencesStandardView:  true
[2024-08-17 15:30:30.327] [verbose] hid configuration background-sync {
  embeddingOrigin: 'file:///',
  isMainFrame: true,
  requestingUrl: 'file:///tmp/.mount_bazecoxo32Ny/usr/lib/bazecor/resources/app/.webpack/renderer/main_window/index.html'
}
[2024-08-17 15:30:30.679] [debug] device.request: wireless.battery.left.level
[2024-08-17 15:30:30.680] [debug] performing request
[2024-08-17 15:30:30.771] [debug] addport: incoming data: 50 
[2024-08-17 15:30:30.771] [debug] addport: incoming data: .
[2024-08-17 15:30:30.771] [debug] device.request: wireless.battery.right.level
[2024-08-17 15:30:30.771] [debug] performing request
[2024-08-17 15:30:30.778] [debug] addport: incoming data: 85 
[2024-08-17 15:30:30.779] [debug] addport: incoming data: .
[2024-08-17 15:30:30.779] [debug] device.request: wireless.battery.left.status
[2024-08-17 15:30:30.779] [debug] performing request
[2024-08-17 15:30:30.780] [debug] addport: incoming data: 0 
[2024-08-17 15:30:30.780] [debug] addport: incoming data: .
[2024-08-17 15:30:30.780] [debug] device.request: wireless.battery.right.status
[2024-08-17 15:30:30.780] [debug] performing request
[2024-08-17 15:30:30.781] [debug] addport: incoming data: 0 
[2024-08-17 15:30:30.781] [debug] addport: incoming data: .
[2024-08-17 15:30:30.781] [debug] device.request: wireless.battery.savingMode
[2024-08-17 15:30:30.781] [debug] performing request
[2024-08-17 15:30:30.782] [debug] addport: incoming data: 0 
[2024-08-17 15:30:30.782] [debug] addport: incoming data: .
[2024-08-17 15:30:35.681] [debug] device.request: wireless.battery.left.level
[2024-08-17 15:30:35.681] [debug] performing request
[2024-08-17 15:30:35.695] [debug] addport: incoming data: 50 
[2024-08-17 15:30:35.695] [debug] addport: incoming data: .
[2024-08-17 15:30:35.696] [debug] device.request: wireless.battery.right.level
[2024-08-17 15:30:35.696] [debug] performing request
[2024-08-17 15:30:35.701] [debug] addport: incoming data: 85 
[2024-08-17 15:30:35.701] [debug] addport: incoming data: .
[2024-08-17 15:30:35.701] [debug] device.request: wireless.battery.left.status
[2024-08-17 15:30:35.701] [debug] performing request
[2024-08-17 15:30:35.703] [debug] addport: incoming data: 0 
[2024-08-17 15:30:35.703] [debug] addport: incoming data: .
[2024-08-17 15:30:35.703] [debug] device.request: wireless.battery.right.status
[2024-08-17 15:30:35.703] [debug] performing request
[2024-08-17 15:30:35.704] [debug] addport: incoming data: 0 
[2024-08-17 15:30:35.704] [debug] addport: incoming data: .
[2024-08-17 15:30:35.704] [debug] device.request: wireless.battery.savingMode
[2024-08-17 15:30:35.704] [debug] performing request
[2024-08-17 15:30:35.711] [debug] addport: incoming data: 0 
[2024-08-17 15:30:35.711] [debug] addport: incoming data: .
[2024-08-17 15:30:40.680] [debug] device.request: wireless.battery.left.level
[2024-08-17 15:30:40.681] [debug] performing request
[2024-08-17 15:30:40.683] [debug] addport: incoming data: 50 
[2024-08-17 15:30:40.683] [debug] addport: incoming data: .
[2024-08-17 15:30:40.683] [debug] device.request: wireless.battery.right.level
[2024-08-17 15:30:40.684] [debug] performing request
[2024-08-17 15:30:40.685] [debug] addport: incoming data: 85 
[2024-08-17 15:30:40.685] [debug] addport: incoming data: .
[2024-08-17 15:30:40.685] [debug] device.request: wireless.battery.left.status
[2024-08-17 15:30:40.686] [debug] performing request
[2024-08-17 15:30:40.687] [debug] addport: incoming data: 0 
[2024-08-17 15:30:40.688] [debug] addport: incoming data: .
[2024-08-17 15:30:40.688] [debug] device.request: wireless.battery.right.status
[2024-08-17 15:30:40.688] [debug] performing request
[2024-08-17 15:30:40.690] [debug] addport: incoming data: 0 
[2024-08-17 15:30:40.690] [debug] addport: incoming data: .
[2024-08-17 15:30:40.690] [debug] device.request: wireless.battery.savingMode
[2024-08-17 15:30:40.690] [debug] performing request
[2024-08-17 15:30:40.692] [debug] addport: incoming data: 0 
[2024-08-17 15:30:40.692] [debug] addport: incoming data: .
[2024-08-17 15:30:45.680] [debug] device.request: wireless.battery.left.level
[2024-08-17 15:30:45.681] [debug] performing request
[2024-08-17 15:30:45.683] [debug] addport: incoming data: 50 
[2024-08-17 15:30:45.683] [debug] addport: incoming data: .
[2024-08-17 15:30:45.683] [debug] device.request: wireless.battery.right.level
[2024-08-17 15:30:45.683] [debug] performing request
[2024-08-17 15:30:45.685] [debug] addport: incoming data: 85 
[2024-08-17 15:30:45.685] [debug] addport: incoming data: .
[2024-08-17 15:30:45.685] [debug] device.request: wireless.battery.left.status
[2024-08-17 15:30:45.685] [debug] performing request
[2024-08-17 15:30:45.687] [debug] addport: incoming data: 0 
[2024-08-17 15:30:45.687] [debug] addport: incoming data: .
[2024-08-17 15:30:45.687] [debug] device.request: wireless.battery.right.status
[2024-08-17 15:30:45.688] [debug] performing request
[2024-08-17 15:30:45.689] [debug] addport: incoming data: 0 
[2024-08-17 15:30:45.690] [debug] addport: incoming data: .
[2024-08-17 15:30:45.690] [debug] device.request: wireless.battery.savingMode
[2024-08-17 15:30:45.690] [debug] performing request
[2024-08-17 15:30:45.692] [debug] addport: incoming data: 0 
[2024-08-17 15:30:45.692] [debug] addport: incoming data: .
[2024-08-17 15:30:50.681] [debug] device.request: wireless.battery.left.level
[2024-08-17 15:30:50.681] [debug] performing request
[2024-08-17 15:30:50.683] [debug] addport: incoming data: 50 
[2024-08-17 15:30:50.683] [debug] addport: incoming data: .
[2024-08-17 15:30:50.684] [debug] device.request: wireless.battery.right.level
[2024-08-17 15:30:50.684] [debug] performing request
[2024-08-17 15:30:50.685] [debug] addport: incoming data: 85 
[2024-08-17 15:30:50.686] [debug] addport: incoming data: .
[2024-08-17 15:30:50.686] [debug] device.request: wireless.battery.left.status
[2024-08-17 15:30:50.686] [debug] performing request
[2024-08-17 15:30:50.688] [debug] addport: incoming data: 0 
[2024-08-17 15:30:50.688] [debug] addport: incoming data: .
[2024-08-17 15:30:50.688] [debug] device.request: wireless.battery.right.status
[2024-08-17 15:30:50.688] [debug] performing request
[2024-08-17 15:30:50.690] [debug] addport: incoming data: 0 
[2024-08-17 15:30:50.690] [debug] addport: incoming data: .
[2024-08-17 15:30:50.690] [debug] device.request: wireless.battery.savingMode
[2024-08-17 15:30:50.691] [debug] performing request
[2024-08-17 15:30:50.692] [debug] addport: incoming data: 0 
[2024-08-17 15:30:50.693] [debug] addport: incoming data: .
[2024-08-17 15:30:55.680] [debug] device.request: wireless.battery.left.level
[2024-08-17 15:30:55.680] [debug] performing request
[2024-08-17 15:30:55.682] [debug] addport: incoming data: 50 
[2024-08-17 15:30:55.682] [debug] addport: incoming data: .
[2024-08-17 15:30:55.682] [debug] device.request: wireless.battery.right.level
[2024-08-17 15:30:55.682] [debug] performing request
[2024-08-17 15:30:55.683] [debug] addport: incoming data: 85 
[2024-08-17 15:30:55.683] [debug] addport: incoming data: .
[2024-08-17 15:30:55.683] [debug] device.request: wireless.battery.left.status
[2024-08-17 15:30:55.683] [debug] performing request
[2024-08-17 15:30:55.688] [debug] addport: incoming data: 0 
[2024-08-17 15:30:55.688] [debug] addport: incoming data: .
[2024-08-17 15:30:55.688] [debug] device.request: wireless.battery.right.status
[2024-08-17 15:30:55.688] [debug] performing request
[2024-08-17 15:30:55.689] [debug] addport: incoming data: 0 
[2024-08-17 15:30:55.689] [debug] addport: incoming data: .
[2024-08-17 15:30:55.689] [debug] device.request: wireless.battery.savingMode
[2024-08-17 15:30:55.689] [debug] performing request
[2024-08-17 15:30:55.690] [debug] addport: incoming data: 0 
[2024-08-17 15:30:55.690] [debug] addport: incoming data: .
[2024-08-17 15:30:56.304] [verbose] removing USB Listeners
